{"/Users/corysturgis/Desktop/WIP/express-test/src/config/cronJobs.ts": {"path":"/Users/corysturgis/Desktop/WIP/express-test/src/config/cronJobs.ts","statementMap":{"0":{"start":{"line":3,"column":13},"end":{"line":28,"column":2}},"1":{"start":{"line":9,"column":6},"end":{"line":9,"column":59}},"2":{"start":{"line":17,"column":6},"end":{"line":17,"column":72}},"3":{"start":{"line":25,"column":6},"end":{"line":25,"column":75}}},"fnMap":{"0":{"name":"(anonymous_0)","decl":{"start":{"line":8,"column":10},"end":{"line":8,"column":19}},"loc":{"start":{"line":8,"column":21},"end":{"line":10,"column":5}}},"1":{"name":"(anonymous_1)","decl":{"start":{"line":16,"column":10},"end":{"line":16,"column":19}},"loc":{"start":{"line":16,"column":21},"end":{"line":18,"column":5}}},"2":{"name":"(anonymous_2)","decl":{"start":{"line":24,"column":10},"end":{"line":24,"column":19}},"loc":{"start":{"line":24,"column":21},"end":{"line":26,"column":5}}}},"branchMap":{},"s":{"0":1,"1":0,"2":0,"3":0},"f":{"0":0,"1":0,"2":0},"b":{}}
,"/Users/corysturgis/Desktop/WIP/express-test/src/controllers/userController.ts": {"path":"/Users/corysturgis/Desktop/WIP/express-test/src/controllers/userController.ts","statementMap":{"0":{"start":{"line":2,"column":0},"end":{"line":2,"column":53}},"1":{"start":{"line":3,"column":0},"end":{"line":3,"column":50}},"2":{"start":{"line":5,"column":0},"end":{"line":5,"column":40}},"3":{"start":{"line":17,"column":23},"end":{"line":105,"column":2}},"4":{"start":{"line":19,"column":4},"end":{"line":25,"column":5}},"5":{"start":{"line":20,"column":20},"end":{"line":20,"column":51}},"6":{"start":{"line":21,"column":6},"end":{"line":21,"column":22}},"7":{"start":{"line":23,"column":18},"end":{"line":23,"column":32}},"8":{"start":{"line":24,"column":6},"end":{"line":24,"column":78}},"9":{"start":{"line":29,"column":4},"end":{"line":41,"column":5}},"10":{"start":{"line":30,"column":21},"end":{"line":30,"column":42}},"11":{"start":{"line":31,"column":6},"end":{"line":34,"column":7}},"12":{"start":{"line":32,"column":8},"end":{"line":32,"column":57}},"13":{"start":{"line":33,"column":8},"end":{"line":33,"column":15}},"14":{"start":{"line":36,"column":19},"end":{"line":36,"column":57}},"15":{"start":{"line":37,"column":6},"end":{"line":37,"column":33}},"16":{"start":{"line":39,"column":18},"end":{"line":39,"column":32}},"17":{"start":{"line":40,"column":6},"end":{"line":40,"column":78}},"18":{"start":{"line":45,"column":4},"end":{"line":61,"column":5}},"19":{"start":{"line":46,"column":17},"end":{"line":46,"column":44}},"20":{"start":{"line":47,"column":6},"end":{"line":50,"column":7}},"21":{"start":{"line":48,"column":8},"end":{"line":48,"column":61}},"22":{"start":{"line":49,"column":8},"end":{"line":49,"column":15}},"23":{"start":{"line":52,"column":19},"end":{"line":52,"column":52}},"24":{"start":{"line":53,"column":6},"end":{"line":56,"column":7}},"25":{"start":{"line":54,"column":8},"end":{"line":54,"column":58}},"26":{"start":{"line":55,"column":8},"end":{"line":55,"column":15}},"27":{"start":{"line":57,"column":6},"end":{"line":57,"column":21}},"28":{"start":{"line":59,"column":18},"end":{"line":59,"column":32}},"29":{"start":{"line":60,"column":6},"end":{"line":60,"column":77}},"30":{"start":{"line":68,"column":4},"end":{"line":89,"column":5}},"31":{"start":{"line":69,"column":21},"end":{"line":69,"column":42}},"32":{"start":{"line":70,"column":6},"end":{"line":73,"column":7}},"33":{"start":{"line":71,"column":8},"end":{"line":71,"column":57}},"34":{"start":{"line":72,"column":8},"end":{"line":72,"column":15}},"35":{"start":{"line":75,"column":17},"end":{"line":75,"column":44}},"36":{"start":{"line":76,"column":6},"end":{"line":79,"column":7}},"37":{"start":{"line":77,"column":8},"end":{"line":77,"column":61}},"38":{"start":{"line":78,"column":8},"end":{"line":78,"column":15}},"39":{"start":{"line":81,"column":19},"end":{"line":81,"column":61}},"40":{"start":{"line":82,"column":6},"end":{"line":82,"column":21}},"41":{"start":{"line":84,"column":6},"end":{"line":87,"column":7}},"42":{"start":{"line":85,"column":8},"end":{"line":85,"column":58}},"43":{"start":{"line":86,"column":8},"end":{"line":86,"column":15}},"44":{"start":{"line":88,"column":6},"end":{"line":88,"column":63}},"45":{"start":{"line":93,"column":4},"end":{"line":103,"column":5}},"46":{"start":{"line":94,"column":17},"end":{"line":94,"column":44}},"47":{"start":{"line":95,"column":6},"end":{"line":95,"column":39}},"48":{"start":{"line":96,"column":6},"end":{"line":96,"column":29}},"49":{"start":{"line":98,"column":6},"end":{"line":101,"column":7}},"50":{"start":{"line":99,"column":8},"end":{"line":99,"column":58}},"51":{"start":{"line":100,"column":8},"end":{"line":100,"column":15}},"52":{"start":{"line":102,"column":6},"end":{"line":102,"column":63}},"53":{"start":{"line":107,"column":0},"end":{"line":107,"column":30}}},"fnMap":{"0":{"name":"(anonymous_1)","decl":{"start":{"line":18,"column":15},"end":{"line":18,"column":20}},"loc":{"start":{"line":18,"column":69},"end":{"line":26,"column":3}}},"1":{"name":"(anonymous_2)","decl":{"start":{"line":28,"column":14},"end":{"line":28,"column":19}},"loc":{"start":{"line":28,"column":83},"end":{"line":42,"column":3}}},"2":{"name":"(anonymous_3)","decl":{"start":{"line":44,"column":15},"end":{"line":44,"column":20}},"loc":{"start":{"line":44,"column":79},"end":{"line":62,"column":3}}},"3":{"name":"(anonymous_4)","decl":{"start":{"line":64,"column":14},"end":{"line":64,"column":19}},"loc":{"start":{"line":67,"column":21},"end":{"line":90,"column":3}}},"4":{"name":"(anonymous_5)","decl":{"start":{"line":92,"column":14},"end":{"line":92,"column":19}},"loc":{"start":{"line":92,"column":78},"end":{"line":104,"column":3}}}},"branchMap":{"0":{"loc":{"start":{"line":24,"column":36},"end":{"line":24,"column":74}},"type":"binary-expr","locations":[{"start":{"line":24,"column":36},"end":{"line":24,"column":47}},{"start":{"line":24,"column":51},"end":{"line":24,"column":74}}]},"1":{"loc":{"start":{"line":31,"column":6},"end":{"line":34,"column":7}},"type":"if","locations":[{"start":{"line":31,"column":6},"end":{"line":34,"column":7}}]},"2":{"loc":{"start":{"line":40,"column":36},"end":{"line":40,"column":74}},"type":"binary-expr","locations":[{"start":{"line":40,"column":36},"end":{"line":40,"column":47}},{"start":{"line":40,"column":51},"end":{"line":40,"column":74}}]},"3":{"loc":{"start":{"line":47,"column":6},"end":{"line":50,"column":7}},"type":"if","locations":[{"start":{"line":47,"column":6},"end":{"line":50,"column":7}}]},"4":{"loc":{"start":{"line":53,"column":6},"end":{"line":56,"column":7}},"type":"if","locations":[{"start":{"line":53,"column":6},"end":{"line":56,"column":7}}]},"5":{"loc":{"start":{"line":60,"column":36},"end":{"line":60,"column":73}},"type":"binary-expr","locations":[{"start":{"line":60,"column":36},"end":{"line":60,"column":47}},{"start":{"line":60,"column":51},"end":{"line":60,"column":73}}]},"6":{"loc":{"start":{"line":70,"column":6},"end":{"line":73,"column":7}},"type":"if","locations":[{"start":{"line":70,"column":6},"end":{"line":73,"column":7}}]},"7":{"loc":{"start":{"line":76,"column":6},"end":{"line":79,"column":7}},"type":"if","locations":[{"start":{"line":76,"column":6},"end":{"line":79,"column":7}}]},"8":{"loc":{"start":{"line":84,"column":6},"end":{"line":87,"column":7}},"type":"if","locations":[{"start":{"line":84,"column":6},"end":{"line":87,"column":7}}]},"9":{"loc":{"start":{"line":84,"column":10},"end":{"line":84,"column":89}},"type":"binary-expr","locations":[{"start":{"line":84,"column":10},"end":{"line":84,"column":63}},{"start":{"line":84,"column":67},"end":{"line":84,"column":89}}]},"10":{"loc":{"start":{"line":98,"column":6},"end":{"line":101,"column":7}},"type":"if","locations":[{"start":{"line":98,"column":6},"end":{"line":101,"column":7}}]},"11":{"loc":{"start":{"line":98,"column":10},"end":{"line":98,"column":89}},"type":"binary-expr","locations":[{"start":{"line":98,"column":10},"end":{"line":98,"column":63}},{"start":{"line":98,"column":67},"end":{"line":98,"column":89}}]}},"s":{"0":1,"1":1,"2":1,"3":1,"4":2,"5":2,"6":1,"7":1,"8":1,"9":0,"10":0,"11":0,"12":0,"13":0,"14":0,"15":0,"16":0,"17":0,"18":0,"19":0,"20":0,"21":0,"22":0,"23":0,"24":0,"25":0,"26":0,"27":0,"28":0,"29":0,"30":0,"31":0,"32":0,"33":0,"34":0,"35":0,"36":0,"37":0,"38":0,"39":0,"40":0,"41":0,"42":0,"43":0,"44":0,"45":0,"46":0,"47":0,"48":0,"49":0,"50":0,"51":0,"52":0,"53":1},"f":{"0":2,"1":0,"2":0,"3":0,"4":0},"b":{"0":[1,0],"1":[0],"2":[0,0],"3":[0],"4":[0],"5":[0,0],"6":[0],"7":[0],"8":[0],"9":[0,0],"10":[0],"11":[0,0]}}
,"/Users/corysturgis/Desktop/WIP/express-test/src/services/cronService.ts": {"path":"/Users/corysturgis/Desktop/WIP/express-test/src/services/cronService.ts","statementMap":{"0":{"start":{"line":2,"column":0},"end":{"line":2,"column":29}},"1":{"start":{"line":3,"column":0},"end":{"line":3,"column":42}},"2":{"start":{"line":16,"column":4},"end":{"line":16,"column":45}},"3":{"start":{"line":17,"column":4},"end":{"line":17,"column":26}},"4":{"start":{"line":21,"column":4},"end":{"line":48,"column":7}},"5":{"start":{"line":22,"column":6},"end":{"line":25,"column":7}},"6":{"start":{"line":23,"column":8},"end":{"line":23,"column":64}},"7":{"start":{"line":24,"column":8},"end":{"line":24,"column":15}},"8":{"start":{"line":27,"column":6},"end":{"line":30,"column":7}},"9":{"start":{"line":28,"column":8},"end":{"line":28,"column":74}},"10":{"start":{"line":29,"column":8},"end":{"line":29,"column":15}},"11":{"start":{"line":32,"column":6},"end":{"line":47,"column":7}},"12":{"start":{"line":33,"column":35},"end":{"line":36,"column":10}},"13":{"start":{"line":34,"column":10},"end":{"line":34,"column":87}},"14":{"start":{"line":35,"column":10},"end":{"line":35,"column":37}},"15":{"start":{"line":38,"column":8},"end":{"line":41,"column":11}},"16":{"start":{"line":43,"column":8},"end":{"line":43,"column":56}},"17":{"start":{"line":45,"column":20},"end":{"line":45,"column":79}},"18":{"start":{"line":46,"column":8},"end":{"line":46,"column":78}},"19":{"start":{"line":52,"column":4},"end":{"line":52,"column":35}},"20":{"start":{"line":56,"column":4},"end":{"line":61,"column":5}},"21":{"start":{"line":57,"column":6},"end":{"line":57,"column":23}},"22":{"start":{"line":59,"column":18},"end":{"line":59,"column":77}},"23":{"start":{"line":60,"column":6},"end":{"line":60,"column":75}},"24":{"start":{"line":65,"column":4},"end":{"line":68,"column":5}},"25":{"start":{"line":66,"column":6},"end":{"line":66,"column":27}},"26":{"start":{"line":67,"column":6},"end":{"line":67,"column":42}},"27":{"start":{"line":69,"column":4},"end":{"line":69,"column":55}},"28":{"start":{"line":73,"column":4},"end":{"line":76,"column":5}},"29":{"start":{"line":74,"column":6},"end":{"line":74,"column":26}},"30":{"start":{"line":75,"column":6},"end":{"line":75,"column":42}},"31":{"start":{"line":77,"column":4},"end":{"line":77,"column":55}},"32":{"start":{"line":81,"column":4},"end":{"line":81,"column":31}},"33":{"start":{"line":85,"column":16},"end":{"line":85,"column":35}},"34":{"start":{"line":86,"column":4},"end":{"line":90,"column":5}},"35":{"start":{"line":87,"column":6},"end":{"line":87,"column":26}},"36":{"start":{"line":88,"column":6},"end":{"line":88,"column":42}},"37":{"start":{"line":89,"column":6},"end":{"line":89,"column":18}},"38":{"start":{"line":91,"column":4},"end":{"line":91,"column":17}},"39":{"start":{"line":95,"column":16},"end":{"line":95,"column":35}},"40":{"start":{"line":96,"column":4},"end":{"line":100,"column":5}},"41":{"start":{"line":97,"column":6},"end":{"line":97,"column":27}},"42":{"start":{"line":98,"column":6},"end":{"line":98,"column":42}},"43":{"start":{"line":99,"column":6},"end":{"line":99,"column":18}},"44":{"start":{"line":101,"column":4},"end":{"line":101,"column":17}},"45":{"start":{"line":105,"column":34},"end":{"line":105,"column":36}},"46":{"start":{"line":106,"column":4},"end":{"line":112,"column":5}},"47":{"start":{"line":107,"column":6},"end":{"line":111,"column":9}},"48":{"start":{"line":113,"column":4},"end":{"line":113,"column":20}},"49":{"start":{"line":117,"column":16},"end":{"line":117,"column":35}},"50":{"start":{"line":118,"column":4},"end":{"line":120,"column":5}},"51":{"start":{"line":119,"column":6},"end":{"line":119,"column":25}},"52":{"start":{"line":121,"column":4},"end":{"line":121,"column":36}},"53":{"start":{"line":125,"column":4},"end":{"line":126,"column":14}},"54":{"start":{"line":125,"column":58},"end":{"line":125,"column":98}},"55":{"start":{"line":130,"column":0},"end":{"line":130,"column":33}}},"fnMap":{"0":{"name":"(anonymous_1)","decl":{"start":{"line":15,"column":2},"end":{"line":15,"column":null}},"loc":{"start":{"line":15,"column":2},"end":{"line":18,"column":3}}},"1":{"name":"(anonymous_2)","decl":{"start":{"line":20,"column":10},"end":{"line":20,"column":24}},"loc":{"start":{"line":20,"column":24},"end":{"line":49,"column":3}}},"2":{"name":"(anonymous_3)","decl":{"start":{"line":21,"column":17},"end":{"line":21,"column":18}},"loc":{"start":{"line":21,"column":46},"end":{"line":48,"column":5}}},"3":{"name":"(anonymous_4)","decl":{"start":{"line":33,"column":69},"end":{"line":33,"column":72}},"loc":{"start":{"line":33,"column":74},"end":{"line":36,"column":9}}},"4":{"name":"(anonymous_5)","decl":{"start":{"line":51,"column":10},"end":{"line":51,"column":30}},"loc":{"start":{"line":51,"column":47},"end":{"line":53,"column":3}}},"5":{"name":"(anonymous_6)","decl":{"start":{"line":55,"column":10},"end":{"line":55,"column":20}},"loc":{"start":{"line":55,"column":45},"end":{"line":62,"column":3}}},"6":{"name":"(anonymous_7)","decl":{"start":{"line":64,"column":9},"end":{"line":64,"column":14}},"loc":{"start":{"line":64,"column":14},"end":{"line":70,"column":3}}},"7":{"name":"(anonymous_8)","decl":{"start":{"line":72,"column":9},"end":{"line":72,"column":13}},"loc":{"start":{"line":72,"column":13},"end":{"line":78,"column":3}}},"8":{"name":"(anonymous_9)","decl":{"start":{"line":80,"column":9},"end":{"line":80,"column":15}},"loc":{"start":{"line":80,"column":28},"end":{"line":82,"column":3}}},"9":{"name":"(anonymous_10)","decl":{"start":{"line":84,"column":9},"end":{"line":84,"column":16}},"loc":{"start":{"line":84,"column":29},"end":{"line":92,"column":3}}},"10":{"name":"(anonymous_11)","decl":{"start":{"line":94,"column":9},"end":{"line":94,"column":17}},"loc":{"start":{"line":94,"column":30},"end":{"line":102,"column":3}}},"11":{"name":"(anonymous_12)","decl":{"start":{"line":104,"column":9},"end":{"line":104,"column":17}},"loc":{"start":{"line":104,"column":17},"end":{"line":114,"column":3}}},"12":{"name":"(anonymous_13)","decl":{"start":{"line":116,"column":9},"end":{"line":116,"column":21}},"loc":{"start":{"line":116,"column":34},"end":{"line":122,"column":3}}},"13":{"name":"(anonymous_14)","decl":{"start":{"line":124,"column":9},"end":{"line":124,"column":27}},"loc":{"start":{"line":124,"column":27},"end":{"line":127,"column":3}}},"14":{"name":"(anonymous_15)","decl":{"start":{"line":125,"column":49},"end":{"line":125,"column":50}},"loc":{"start":{"line":125,"column":58},"end":{"line":125,"column":98}}}},"branchMap":{"0":{"loc":{"start":{"line":22,"column":6},"end":{"line":25,"column":7}},"type":"if","locations":[{"start":{"line":22,"column":6},"end":{"line":25,"column":7}}]},"1":{"loc":{"start":{"line":27,"column":6},"end":{"line":30,"column":7}},"type":"if","locations":[{"start":{"line":27,"column":6},"end":{"line":30,"column":7}}]},"2":{"loc":{"start":{"line":45,"column":20},"end":{"line":45,"column":79}},"type":"cond-expr","locations":[{"start":{"line":45,"column":45},"end":{"line":45,"column":50}},{"start":{"line":45,"column":53},"end":{"line":45,"column":79}}]},"3":{"loc":{"start":{"line":59,"column":18},"end":{"line":59,"column":77}},"type":"cond-expr","locations":[{"start":{"line":59,"column":43},"end":{"line":59,"column":48}},{"start":{"line":59,"column":51},"end":{"line":59,"column":77}}]},"4":{"loc":{"start":{"line":86,"column":4},"end":{"line":90,"column":5}},"type":"if","locations":[{"start":{"line":86,"column":4},"end":{"line":90,"column":5}}]},"5":{"loc":{"start":{"line":96,"column":4},"end":{"line":100,"column":5}},"type":"if","locations":[{"start":{"line":96,"column":4},"end":{"line":100,"column":5}}]},"6":{"loc":{"start":{"line":118,"column":4},"end":{"line":120,"column":5}},"type":"if","locations":[{"start":{"line":118,"column":4},"end":{"line":120,"column":5}}]}},"s":{"0":1,"1":1,"2":1,"3":1,"4":1,"5":3,"6":1,"7":1,"8":2,"9":0,"10":0,"11":2,"12":2,"13":0,"14":0,"15":2,"16":2,"17":0,"18":0,"19":2,"20":0,"21":0,"22":0,"23":0,"24":0,"25":0,"26":0,"27":0,"28":4,"29":8,"30":8,"31":4,"32":1,"33":2,"34":2,"35":1,"36":1,"37":1,"38":1,"39":2,"40":2,"41":1,"42":1,"43":1,"44":1,"45":1,"46":1,"47":2,"48":1,"49":0,"50":0,"51":0,"52":0,"53":0,"54":0,"55":1},"f":{"0":1,"1":1,"2":3,"3":0,"4":2,"5":0,"6":0,"7":4,"8":1,"9":2,"10":2,"11":1,"12":0,"13":0,"14":0},"b":{"0":[1],"1":[0],"2":[0,0],"3":[0,0],"4":[1],"5":[1],"6":[0]}}
,"/Users/corysturgis/Desktop/WIP/express-test/src/services/userService.ts": {"path":"/Users/corysturgis/Desktop/WIP/express-test/src/services/userService.ts","statementMap":{"0":{"start":{"line":1,"column":0},"end":{"line":1,"column":54}},"1":{"start":{"line":8,"column":4},"end":{"line":8,"column":31}},"2":{"start":{"line":12,"column":4},"end":{"line":19,"column":5}},"3":{"start":{"line":13,"column":6},"end":{"line":13,"column":47}},"4":{"start":{"line":15,"column":6},"end":{"line":17,"column":7}},"5":{"start":{"line":16,"column":8},"end":{"line":16,"column":60}},"6":{"start":{"line":18,"column":6},"end":{"line":18,"column":18}},"7":{"start":{"line":23,"column":4},"end":{"line":34,"column":5}},"8":{"start":{"line":24,"column":6},"end":{"line":26,"column":9}},"9":{"start":{"line":28,"column":6},"end":{"line":32,"column":7}},"10":{"start":{"line":29,"column":8},"end":{"line":31,"column":9}},"11":{"start":{"line":30,"column":10},"end":{"line":30,"column":50}},"12":{"start":{"line":33,"column":6},"end":{"line":33,"column":18}},"13":{"start":{"line":38,"column":4},"end":{"line":47,"column":5}},"14":{"start":{"line":39,"column":6},"end":{"line":41,"column":9}},"15":{"start":{"line":43,"column":6},"end":{"line":45,"column":7}},"16":{"start":{"line":44,"column":8},"end":{"line":44,"column":60}},"17":{"start":{"line":46,"column":6},"end":{"line":46,"column":18}},"18":{"start":{"line":51,"column":4},"end":{"line":63,"column":5}},"19":{"start":{"line":52,"column":6},"end":{"line":55,"column":9}},"20":{"start":{"line":57,"column":6},"end":{"line":61,"column":7}},"21":{"start":{"line":58,"column":8},"end":{"line":60,"column":9}},"22":{"start":{"line":59,"column":10},"end":{"line":59,"column":44}},"23":{"start":{"line":62,"column":6},"end":{"line":62,"column":18}},"24":{"start":{"line":67,"column":4},"end":{"line":78,"column":5}},"25":{"start":{"line":68,"column":6},"end":{"line":70,"column":9}},"26":{"start":{"line":72,"column":6},"end":{"line":76,"column":7}},"27":{"start":{"line":73,"column":8},"end":{"line":75,"column":9}},"28":{"start":{"line":74,"column":10},"end":{"line":74,"column":44}},"29":{"start":{"line":77,"column":6},"end":{"line":77,"column":18}},"30":{"start":{"line":83,"column":9},"end":{"line":83,"column":20}},"31":{"start":{"line":82,"column":0},"end":{"line":82,"column":33}}},"fnMap":{"0":{"name":"(anonymous_0)","decl":{"start":{"line":7,"column":2},"end":{"line":7,"column":14}},"loc":{"start":{"line":7,"column":61},"end":{"line":9,"column":3}}},"1":{"name":"(anonymous_1)","decl":{"start":{"line":11,"column":2},"end":{"line":11,"column":7}},"loc":{"start":{"line":11,"column":19},"end":{"line":20,"column":3}}},"2":{"name":"(anonymous_2)","decl":{"start":{"line":22,"column":2},"end":{"line":22,"column":7}},"loc":{"start":{"line":22,"column":38},"end":{"line":35,"column":3}}},"3":{"name":"(anonymous_3)","decl":{"start":{"line":37,"column":2},"end":{"line":37,"column":7}},"loc":{"start":{"line":37,"column":30},"end":{"line":48,"column":3}}},"4":{"name":"(anonymous_4)","decl":{"start":{"line":50,"column":2},"end":{"line":50,"column":7}},"loc":{"start":{"line":50,"column":59},"end":{"line":64,"column":3}}},"5":{"name":"(anonymous_5)","decl":{"start":{"line":66,"column":2},"end":{"line":66,"column":7}},"loc":{"start":{"line":66,"column":29},"end":{"line":79,"column":3}}}},"branchMap":{"0":{"loc":{"start":{"line":7,"column":14},"end":{"line":7,"column":61}},"type":"default-arg","locations":[{"start":{"line":7,"column":43},"end":{"line":7,"column":61}}]},"1":{"loc":{"start":{"line":15,"column":6},"end":{"line":17,"column":7}},"type":"if","locations":[{"start":{"line":15,"column":6},"end":{"line":17,"column":7}}]},"2":{"loc":{"start":{"line":28,"column":6},"end":{"line":32,"column":7}},"type":"if","locations":[{"start":{"line":28,"column":6},"end":{"line":32,"column":7}}]},"3":{"loc":{"start":{"line":29,"column":8},"end":{"line":31,"column":9}},"type":"if","locations":[{"start":{"line":29,"column":8},"end":{"line":31,"column":9}}]},"4":{"loc":{"start":{"line":43,"column":6},"end":{"line":45,"column":7}},"type":"if","locations":[{"start":{"line":43,"column":6},"end":{"line":45,"column":7}}]},"5":{"loc":{"start":{"line":57,"column":6},"end":{"line":61,"column":7}},"type":"if","locations":[{"start":{"line":57,"column":6},"end":{"line":61,"column":7}}]},"6":{"loc":{"start":{"line":58,"column":8},"end":{"line":60,"column":9}},"type":"if","locations":[{"start":{"line":58,"column":8},"end":{"line":60,"column":9}}]},"7":{"loc":{"start":{"line":72,"column":6},"end":{"line":76,"column":7}},"type":"if","locations":[{"start":{"line":72,"column":6},"end":{"line":76,"column":7}}]},"8":{"loc":{"start":{"line":73,"column":8},"end":{"line":75,"column":9}},"type":"if","locations":[{"start":{"line":73,"column":8},"end":{"line":75,"column":9}}]}},"s":{"0":2,"1":3,"2":0,"3":0,"4":0,"5":0,"6":0,"7":2,"8":2,"9":1,"10":0,"11":0,"12":1,"13":2,"14":2,"15":0,"16":0,"17":0,"18":0,"19":0,"20":0,"21":0,"22":0,"23":0,"24":0,"25":0,"26":0,"27":0,"28":0,"29":0,"30":2,"31":2},"f":{"0":3,"1":0,"2":2,"3":2,"4":0,"5":0},"b":{"0":[2],"1":[0],"2":[0],"3":[0],"4":[0],"5":[0],"6":[0],"7":[0],"8":[0]}}
}
