TN:
SF:src/config/cronJobs.ts
FN:8,(anonymous_0)
FN:16,(anonymous_1)
FN:24,(anonymous_2)
FNF:3
FNH:0
FNDA:0,(anonymous_0)
FNDA:0,(anonymous_1)
FNDA:0,(anonymous_2)
DA:3,1
DA:9,0
DA:17,0
DA:25,0
LF:4
LH:1
BRF:0
BRH:0
end_of_record
TN:
SF:src/controllers/userController.ts
FN:17,(anonymous_1)
FN:27,(anonymous_2)
FN:43,(anonymous_3)
FN:63,(anonymous_4)
FN:89,(anonymous_5)
FNF:5
FNH:1
FNDA:2,(anonymous_1)
FNDA:0,(anonymous_2)
FNDA:0,(anonymous_3)
FNDA:0,(anonymous_4)
FNDA:0,(anonymous_5)
DA:2,1
DA:3,1
DA:16,1
DA:18,2
DA:19,2
DA:20,1
DA:22,1
DA:23,1
DA:28,0
DA:29,0
DA:30,0
DA:31,0
DA:32,0
DA:35,0
DA:36,0
DA:38,0
DA:39,0
DA:44,0
DA:45,0
DA:46,0
DA:47,0
DA:48,0
DA:51,0
DA:52,0
DA:53,0
DA:54,0
DA:56,0
DA:58,0
DA:59,0
DA:64,0
DA:65,0
DA:66,0
DA:67,0
DA:68,0
DA:71,0
DA:72,0
DA:73,0
DA:74,0
DA:77,0
DA:78,0
DA:80,0
DA:81,0
DA:82,0
DA:83,0
DA:85,0
DA:90,0
DA:91,0
DA:92,0
DA:93,0
DA:94,0
DA:97,0
DA:98,0
DA:100,0
DA:101,0
DA:102,0
DA:103,0
DA:105,0
DA:110,1
LF:58
LH:9
BRDA:23,0,0,1
BRDA:23,0,1,0
BRDA:30,1,0,0
BRDA:39,2,0,0
BRDA:39,2,1,0
BRDA:46,3,0,0
BRDA:52,4,0,0
BRDA:59,5,0,0
BRDA:59,5,1,0
BRDA:66,6,0,0
BRDA:72,7,0,0
BRDA:81,8,0,0
BRDA:85,9,0,0
BRDA:85,9,1,0
BRDA:92,10,0,0
BRDA:101,11,0,0
BRDA:105,12,0,0
BRDA:105,12,1,0
BRF:18
BRH:1
end_of_record
TN:
SF:src/services/cronService.ts
FN:15,(anonymous_1)
FN:20,(anonymous_2)
FN:21,(anonymous_3)
FN:33,(anonymous_4)
FN:51,(anonymous_5)
FN:55,(anonymous_6)
FN:64,(anonymous_7)
FN:72,(anonymous_8)
FN:80,(anonymous_9)
FN:84,(anonymous_10)
FN:94,(anonymous_11)
FN:104,(anonymous_12)
FN:116,(anonymous_13)
FN:124,(anonymous_14)
FN:126,(anonymous_15)
FNF:15
FNH:9
FNDA:1,(anonymous_1)
FNDA:1,(anonymous_2)
FNDA:3,(anonymous_3)
FNDA:0,(anonymous_4)
FNDA:2,(anonymous_5)
FNDA:0,(anonymous_6)
FNDA:0,(anonymous_7)
FNDA:4,(anonymous_8)
FNDA:1,(anonymous_9)
FNDA:2,(anonymous_10)
FNDA:2,(anonymous_11)
FNDA:1,(anonymous_12)
FNDA:0,(anonymous_13)
FNDA:0,(anonymous_14)
FNDA:0,(anonymous_15)
DA:2,1
DA:3,1
DA:16,1
DA:17,1
DA:21,1
DA:22,3
DA:23,1
DA:24,1
DA:27,2
DA:28,0
DA:29,0
DA:32,2
DA:33,2
DA:34,0
DA:35,0
DA:38,2
DA:43,2
DA:45,0
DA:46,0
DA:52,2
DA:56,0
DA:57,0
DA:59,0
DA:60,0
DA:65,0
DA:66,0
DA:67,0
DA:69,0
DA:73,4
DA:74,8
DA:75,8
DA:77,4
DA:81,1
DA:85,2
DA:86,2
DA:87,1
DA:88,1
DA:89,1
DA:91,1
DA:95,2
DA:96,2
DA:97,1
DA:98,1
DA:99,1
DA:101,1
DA:105,1
DA:106,1
DA:107,2
DA:113,1
DA:117,0
DA:118,0
DA:119,0
DA:121,0
DA:125,0
DA:126,0
DA:131,1
LF:56
LH:36
BRDA:22,0,0,1
BRDA:27,1,0,0
BRDA:45,2,0,0
BRDA:45,2,1,0
BRDA:59,3,0,0
BRDA:59,3,1,0
BRDA:86,4,0,1
BRDA:96,5,0,1
BRDA:118,6,0,0
BRF:9
BRH:3
end_of_record
TN:
SF:src/services/userService.ts
FN:7,(anonymous_0)
FN:11,(anonymous_1)
FN:22,(anonymous_2)
FN:37,(anonymous_3)
FN:50,(anonymous_4)
FN:66,(anonymous_5)
FNF:6
FNH:3
FNDA:3,(anonymous_0)
FNDA:0,(anonymous_1)
FNDA:2,(anonymous_2)
FNDA:2,(anonymous_3)
FNDA:0,(anonymous_4)
FNDA:0,(anonymous_5)
DA:1,2
DA:8,3
DA:12,0
DA:13,0
DA:15,0
DA:16,0
DA:18,0
DA:23,2
DA:24,2
DA:28,1
DA:29,0
DA:30,0
DA:33,1
DA:38,2
DA:39,2
DA:43,0
DA:44,0
DA:46,0
DA:51,0
DA:52,0
DA:57,0
DA:58,0
DA:59,0
DA:62,0
DA:67,0
DA:68,0
DA:72,0
DA:73,0
DA:74,0
DA:77,0
DA:82,2
DA:83,2
LF:32
LH:10
BRDA:7,0,0,2
BRDA:15,1,0,0
BRDA:28,2,0,0
BRDA:29,3,0,0
BRDA:43,4,0,0
BRDA:57,5,0,0
BRDA:58,6,0,0
BRDA:72,7,0,0
BRDA:73,8,0,0
BRF:9
BRH:1
end_of_record
